[15-Nov-2016 21:31:55 UTC] PHP Fatal error:  Class 'Symfony\Component\Normalizer\GetSetMethodNormalizer' not found in /home/ubuntu/workspace/symfony/src/AppBundle/Controller/DefaultController.php on line 36
[15-Nov-2016 21:31:55 UTC] PHP Stack trace:
[15-Nov-2016 21:31:55 UTC] PHP   1. {main}() /home/ubuntu/workspace/symfony/web/app_dev.php:0
[15-Nov-2016 21:31:55 UTC] PHP   2. Symfony\Component\HttpKernel\Kernel->handle() /home/ubuntu/workspace/symfony/web/app_dev.php:31
[15-Nov-2016 21:31:55 UTC] PHP   3. Symfony\Component\HttpKernel\HttpKernel->handle() /home/ubuntu/workspace/symfony/vendor/symfony/symfony/src/Symfony/Component/HttpKernel/Kernel.php:169
[15-Nov-2016 21:31:55 UTC] PHP   4. Symfony\Component\HttpKernel\HttpKernel->handleRaw() /home/ubuntu/workspace/symfony/vendor/symfony/symfony/src/Symfony/Component/HttpKernel/HttpKernel.php:62
[15-Nov-2016 21:31:55 UTC] PHP   5. call_user_func_array:{/home/ubuntu/workspace/symfony/vendor/symfony/symfony/src/Symfony/Component/HttpKernel/HttpKernel.php:139}() /home/ubuntu/workspace/symfony/vendor/symfony/symfony/src/Symfony/Component/HttpKernel/HttpKernel.php:139
[15-Nov-2016 21:31:55 UTC] PHP   6. AppBundle\Controller\DefaultController->pruebasAction() /home/ubuntu/workspace/symfony/vendor/symfony/symfony/src/Symfony/Component/HttpKernel/HttpKernel.php:139
[15-Nov-2016 21:31:55 UTC] PHP   7. AppBundle\Controller\DefaultController->json() /home/ubuntu/workspace/symfony/src/AppBundle/Controller/DefaultController.php:32
[15-Nov-2016 21:32:50 UTC] PHP Fatal error:  Class 'Symfony\Component\Normalizer\GetSetMethodNormalizer' not found in /home/ubuntu/workspace/symfony/src/AppBundle/Controller/DefaultController.php on line 37
[15-Nov-2016 21:32:50 UTC] PHP Stack trace:
[15-Nov-2016 21:32:50 UTC] PHP   1. {main}() /home/ubuntu/workspace/symfony/web/app_dev.php:0
[15-Nov-2016 21:32:50 UTC] PHP   2. Symfony\Component\HttpKernel\Kernel->handle() /home/ubuntu/workspace/symfony/web/app_dev.php:31
[15-Nov-2016 21:32:50 UTC] PHP   3. Symfony\Component\HttpKernel\HttpKernel->handle() /home/ubuntu/workspace/symfony/vendor/symfony/symfony/src/Symfony/Component/HttpKernel/Kernel.php:169
[15-Nov-2016 21:32:50 UTC] PHP   4. Symfony\Component\HttpKernel\HttpKernel->handleRaw() /home/ubuntu/workspace/symfony/vendor/symfony/symfony/src/Symfony/Component/HttpKernel/HttpKernel.php:62
[15-Nov-2016 21:32:50 UTC] PHP   5. call_user_func_array:{/home/ubuntu/workspace/symfony/vendor/symfony/symfony/src/Symfony/Component/HttpKernel/HttpKernel.php:139}() /home/ubuntu/workspace/symfony/vendor/symfony/symfony/src/Symfony/Component/HttpKernel/HttpKernel.php:139
[15-Nov-2016 21:32:50 UTC] PHP   6. AppBundle\Controller\DefaultController->pruebasAction() /home/ubuntu/workspace/symfony/vendor/symfony/symfony/src/Symfony/Component/HttpKernel/HttpKernel.php:139
[15-Nov-2016 21:32:50 UTC] PHP   7. AppBundle\Controller\DefaultController->json() /home/ubuntu/workspace/symfony/src/AppBundle/Controller/DefaultController.php:33
[15-Nov-2016 21:33:25 UTC] PHP Fatal error:  Class 'AppBundle\Controller\GetSetMethodNormalizer' not found in /home/ubuntu/workspace/symfony/src/AppBundle/Controller/DefaultController.php on line 37
[15-Nov-2016 21:33:25 UTC] PHP Stack trace:
[15-Nov-2016 21:33:25 UTC] PHP   1. {main}() /home/ubuntu/workspace/symfony/web/app_dev.php:0
[15-Nov-2016 21:33:25 UTC] PHP   2. Symfony\Component\HttpKernel\Kernel->handle() /home/ubuntu/workspace/symfony/web/app_dev.php:31
[15-Nov-2016 21:33:25 UTC] PHP   3. Symfony\Component\HttpKernel\HttpKernel->handle() /home/ubuntu/workspace/symfony/vendor/symfony/symfony/src/Symfony/Component/HttpKernel/Kernel.php:169
[15-Nov-2016 21:33:25 UTC] PHP   4. Symfony\Component\HttpKernel\HttpKernel->handleRaw() /home/ubuntu/workspace/symfony/vendor/symfony/symfony/src/Symfony/Component/HttpKernel/HttpKernel.php:62
[15-Nov-2016 21:33:25 UTC] PHP   5. call_user_func_array:{/home/ubuntu/workspace/symfony/vendor/symfony/symfony/src/Symfony/Component/HttpKernel/HttpKernel.php:139}() /home/ubuntu/workspace/symfony/vendor/symfony/symfony/src/Symfony/Component/HttpKernel/HttpKernel.php:139
[15-Nov-2016 21:33:25 UTC] PHP   6. AppBundle\Controller\DefaultController->pruebasAction() /home/ubuntu/workspace/symfony/vendor/symfony/symfony/src/Symfony/Component/HttpKernel/HttpKernel.php:139
[15-Nov-2016 21:33:25 UTC] PHP   7. AppBundle\Controller\DefaultController->json() /home/ubuntu/workspace/symfony/src/AppBundle/Controller/DefaultController.php:33
[15-Nov-2016 21:34:34 UTC] PHP Fatal error:  Class 'Symfony\Component\Normalizer\GetSetMethodNormalizer' not found in /home/ubuntu/workspace/symfony/src/AppBundle/Controller/DefaultController.php on line 36
[15-Nov-2016 21:34:34 UTC] PHP Stack trace:
[15-Nov-2016 21:34:34 UTC] PHP   1. {main}() /home/ubuntu/workspace/symfony/web/app_dev.php:0
[15-Nov-2016 21:34:34 UTC] PHP   2. Symfony\Component\HttpKernel\Kernel->handle() /home/ubuntu/workspace/symfony/web/app_dev.php:31
[15-Nov-2016 21:34:34 UTC] PHP   3. Symfony\Component\HttpKernel\HttpKernel->handle() /home/ubuntu/workspace/symfony/vendor/symfony/symfony/src/Symfony/Component/HttpKernel/Kernel.php:169
[15-Nov-2016 21:34:34 UTC] PHP   4. Symfony\Component\HttpKernel\HttpKernel->handleRaw() /home/ubuntu/workspace/symfony/vendor/symfony/symfony/src/Symfony/Component/HttpKernel/HttpKernel.php:62
[15-Nov-2016 21:34:34 UTC] PHP   5. call_user_func_array:{/home/ubuntu/workspace/symfony/vendor/symfony/symfony/src/Symfony/Component/HttpKernel/HttpKernel.php:139}() /home/ubuntu/workspace/symfony/vendor/symfony/symfony/src/Symfony/Component/HttpKernel/HttpKernel.php:139
[15-Nov-2016 21:34:34 UTC] PHP   6. AppBundle\Controller\DefaultController->pruebasAction() /home/ubuntu/workspace/symfony/vendor/symfony/symfony/src/Symfony/Component/HttpKernel/HttpKernel.php:139
[15-Nov-2016 21:34:34 UTC] PHP   7. AppBundle\Controller\DefaultController->json() /home/ubuntu/workspace/symfony/src/AppBundle/Controller/DefaultController.php:32
[17-Nov-2016 21:11:27 UTC] PHP Fatal error:  Call to a member function getRepository() on a non-object in /home/ubuntu/workspace/symfony/src/AppBundle/Services/JwtAuth.php on line 20
[17-Nov-2016 21:11:27 UTC] PHP Stack trace:
[17-Nov-2016 21:11:27 UTC] PHP   1. {main}() /home/ubuntu/workspace/symfony/web/app_dev.php:0
[17-Nov-2016 21:11:27 UTC] PHP   2. Symfony\Component\HttpKernel\Kernel->handle() /home/ubuntu/workspace/symfony/web/app_dev.php:31
[17-Nov-2016 21:11:27 UTC] PHP   3. Symfony\Component\HttpKernel\HttpKernel->handle() /home/ubuntu/workspace/symfony/vendor/symfony/symfony/src/Symfony/Component/HttpKernel/Kernel.php:169
[17-Nov-2016 21:11:27 UTC] PHP   4. Symfony\Component\HttpKernel\HttpKernel->handleRaw() /home/ubuntu/workspace/symfony/vendor/symfony/symfony/src/Symfony/Component/HttpKernel/HttpKernel.php:62
[17-Nov-2016 21:11:27 UTC] PHP   5. call_user_func_array:{/home/ubuntu/workspace/symfony/vendor/symfony/symfony/src/Symfony/Component/HttpKernel/HttpKernel.php:139}() /home/ubuntu/workspace/symfony/vendor/symfony/symfony/src/Symfony/Component/HttpKernel/HttpKernel.php:139
[17-Nov-2016 21:11:27 UTC] PHP   6. AppBundle\Controller\DefaultController->loginAction() /home/ubuntu/workspace/symfony/vendor/symfony/symfony/src/Symfony/Component/HttpKernel/HttpKernel.php:139
[17-Nov-2016 21:11:27 UTC] PHP   7. AppBundle\Services\JwtAuth->signup() /home/ubuntu/workspace/symfony/src/AppBundle/Controller/DefaultController.php:47
[17-Nov-2016 21:11:54 UTC] PHP Fatal error:  Call to a member function getRepository() on a non-object in /home/ubuntu/workspace/symfony/src/AppBundle/Services/JwtAuth.php on line 20
[17-Nov-2016 21:11:54 UTC] PHP Stack trace:
[17-Nov-2016 21:11:54 UTC] PHP   1. {main}() /home/ubuntu/workspace/symfony/web/app_dev.php:0
[17-Nov-2016 21:11:54 UTC] PHP   2. Symfony\Component\HttpKernel\Kernel->handle() /home/ubuntu/workspace/symfony/web/app_dev.php:31
[17-Nov-2016 21:11:54 UTC] PHP   3. Symfony\Component\HttpKernel\HttpKernel->handle() /home/ubuntu/workspace/symfony/vendor/symfony/symfony/src/Symfony/Component/HttpKernel/Kernel.php:169
[17-Nov-2016 21:11:54 UTC] PHP   4. Symfony\Component\HttpKernel\HttpKernel->handleRaw() /home/ubuntu/workspace/symfony/vendor/symfony/symfony/src/Symfony/Component/HttpKernel/HttpKernel.php:62
[17-Nov-2016 21:11:54 UTC] PHP   5. call_user_func_array:{/home/ubuntu/workspace/symfony/vendor/symfony/symfony/src/Symfony/Component/HttpKernel/HttpKernel.php:139}() /home/ubuntu/workspace/symfony/vendor/symfony/symfony/src/Symfony/Component/HttpKernel/HttpKernel.php:139
[17-Nov-2016 21:11:54 UTC] PHP   6. AppBundle\Controller\DefaultController->loginAction() /home/ubuntu/workspace/symfony/vendor/symfony/symfony/src/Symfony/Component/HttpKernel/HttpKernel.php:139
[17-Nov-2016 21:11:54 UTC] PHP   7. AppBundle\Services\JwtAuth->signup() /home/ubuntu/workspace/symfony/src/AppBundle/Controller/DefaultController.php:47
[17-Nov-2016 21:12:33 UTC] PHP Fatal error:  Call to a member function getRepository() on a non-object in /home/ubuntu/workspace/symfony/src/AppBundle/Services/JwtAuth.php on line 20
[17-Nov-2016 21:12:33 UTC] PHP Stack trace:
[17-Nov-2016 21:12:33 UTC] PHP   1. {main}() /home/ubuntu/workspace/symfony/web/app_dev.php:0
[17-Nov-2016 21:12:33 UTC] PHP   2. Symfony\Component\HttpKernel\Kernel->handle() /home/ubuntu/workspace/symfony/web/app_dev.php:31
[17-Nov-2016 21:12:33 UTC] PHP   3. Symfony\Component\HttpKernel\HttpKernel->handle() /home/ubuntu/workspace/symfony/vendor/symfony/symfony/src/Symfony/Component/HttpKernel/Kernel.php:169
[17-Nov-2016 21:12:33 UTC] PHP   4. Symfony\Component\HttpKernel\HttpKernel->handleRaw() /home/ubuntu/workspace/symfony/vendor/symfony/symfony/src/Symfony/Component/HttpKernel/HttpKernel.php:62
[17-Nov-2016 21:12:33 UTC] PHP   5. call_user_func_array:{/home/ubuntu/workspace/symfony/vendor/symfony/symfony/src/Symfony/Component/HttpKernel/HttpKernel.php:139}() /home/ubuntu/workspace/symfony/vendor/symfony/symfony/src/Symfony/Component/HttpKernel/HttpKernel.php:139
[17-Nov-2016 21:12:33 UTC] PHP   6. AppBundle\Controller\DefaultController->loginAction() /home/ubuntu/workspace/symfony/vendor/symfony/symfony/src/Symfony/Component/HttpKernel/HttpKernel.php:139
[17-Nov-2016 21:12:33 UTC] PHP   7. AppBundle\Services\JwtAuth->signup() /home/ubuntu/workspace/symfony/src/AppBundle/Controller/DefaultController.php:47
[17-Nov-2016 21:19:51 UTC] PHP Fatal error:  Call to a member function getRepository() on a non-object in /home/ubuntu/workspace/symfony/src/AppBundle/Services/JwtAuth.php on line 20
[17-Nov-2016 21:19:51 UTC] PHP Stack trace:
[17-Nov-2016 21:19:51 UTC] PHP   1. {main}() /home/ubuntu/workspace/symfony/web/app_dev.php:0
[17-Nov-2016 21:19:51 UTC] PHP   2. Symfony\Component\HttpKernel\Kernel->handle() /home/ubuntu/workspace/symfony/web/app_dev.php:31
[17-Nov-2016 21:19:51 UTC] PHP   3. Symfony\Component\HttpKernel\HttpKernel->handle() /home/ubuntu/workspace/symfony/vendor/symfony/symfony/src/Symfony/Component/HttpKernel/Kernel.php:169
[17-Nov-2016 21:19:51 UTC] PHP   4. Symfony\Component\HttpKernel\HttpKernel->handleRaw() /home/ubuntu/workspace/symfony/vendor/symfony/symfony/src/Symfony/Component/HttpKernel/HttpKernel.php:62
[17-Nov-2016 21:19:51 UTC] PHP   5. call_user_func_array:{/home/ubuntu/workspace/symfony/vendor/symfony/symfony/src/Symfony/Component/HttpKernel/HttpKernel.php:139}() /home/ubuntu/workspace/symfony/vendor/symfony/symfony/src/Symfony/Component/HttpKernel/HttpKernel.php:139
[17-Nov-2016 21:19:51 UTC] PHP   6. AppBundle\Controller\DefaultController->loginAction() /home/ubuntu/workspace/symfony/vendor/symfony/symfony/src/Symfony/Component/HttpKernel/HttpKernel.php:139
[17-Nov-2016 21:19:51 UTC] PHP   7. AppBundle\Services\JwtAuth->signup() /home/ubuntu/workspace/symfony/src/AppBundle/Controller/DefaultController.php:47
[17-Nov-2016 21:42:58 UTC] PHP Fatal error:  Call to a member function getRepository() on a non-object in /home/ubuntu/workspace/symfony/src/AppBundle/Services/JwtAuth.php on line 20
[17-Nov-2016 21:42:58 UTC] PHP Stack trace:
[17-Nov-2016 21:42:58 UTC] PHP   1. {main}() /home/ubuntu/workspace/symfony/web/app_dev.php:0
[17-Nov-2016 21:42:58 UTC] PHP   2. Symfony\Component\HttpKernel\Kernel->handle() /home/ubuntu/workspace/symfony/web/app_dev.php:31
[17-Nov-2016 21:42:58 UTC] PHP   3. Symfony\Component\HttpKernel\HttpKernel->handle() /home/ubuntu/workspace/symfony/vendor/symfony/symfony/src/Symfony/Component/HttpKernel/Kernel.php:169
[17-Nov-2016 21:42:58 UTC] PHP   4. Symfony\Component\HttpKernel\HttpKernel->handleRaw() /home/ubuntu/workspace/symfony/vendor/symfony/symfony/src/Symfony/Component/HttpKernel/HttpKernel.php:62
[17-Nov-2016 21:42:58 UTC] PHP   5. call_user_func_array:{/home/ubuntu/workspace/symfony/vendor/symfony/symfony/src/Symfony/Component/HttpKernel/HttpKernel.php:139}() /home/ubuntu/workspace/symfony/vendor/symfony/symfony/src/Symfony/Component/HttpKernel/HttpKernel.php:139
[17-Nov-2016 21:42:58 UTC] PHP   6. AppBundle\Controller\DefaultController->loginAction() /home/ubuntu/workspace/symfony/vendor/symfony/symfony/src/Symfony/Component/HttpKernel/HttpKernel.php:139
[17-Nov-2016 21:42:58 UTC] PHP   7. AppBundle\Services\JwtAuth->signup() /home/ubuntu/workspace/symfony/src/AppBundle/Controller/DefaultController.php:47
[17-Nov-2016 21:49:48 UTC] PHP Fatal error:  Call to a member function getRepository() on a non-object in /home/ubuntu/workspace/symfony/src/AppBundle/Services/JwtAuth.php on line 20
[17-Nov-2016 21:49:48 UTC] PHP Stack trace:
[17-Nov-2016 21:49:48 UTC] PHP   1. {main}() /home/ubuntu/workspace/symfony/web/app_dev.php:0
[17-Nov-2016 21:49:48 UTC] PHP   2. Symfony\Component\HttpKernel\Kernel->handle() /home/ubuntu/workspace/symfony/web/app_dev.php:31
[17-Nov-2016 21:49:48 UTC] PHP   3. Symfony\Component\HttpKernel\HttpKernel->handle() /home/ubuntu/workspace/symfony/vendor/symfony/symfony/src/Symfony/Component/HttpKernel/Kernel.php:169
[17-Nov-2016 21:49:48 UTC] PHP   4. Symfony\Component\HttpKernel\HttpKernel->handleRaw() /home/ubuntu/workspace/symfony/vendor/symfony/symfony/src/Symfony/Component/HttpKernel/HttpKernel.php:62
[17-Nov-2016 21:49:48 UTC] PHP   5. call_user_func_array:{/home/ubuntu/workspace/symfony/vendor/symfony/symfony/src/Symfony/Component/HttpKernel/HttpKernel.php:139}() /home/ubuntu/workspace/symfony/vendor/symfony/symfony/src/Symfony/Component/HttpKernel/HttpKernel.php:139
[17-Nov-2016 21:49:48 UTC] PHP   6. AppBundle\Controller\DefaultController->loginAction() /home/ubuntu/workspace/symfony/vendor/symfony/symfony/src/Symfony/Component/HttpKernel/HttpKernel.php:139
[17-Nov-2016 21:49:48 UTC] PHP   7. AppBundle\Services\JwtAuth->signup() /home/ubuntu/workspace/symfony/src/AppBundle/Controller/DefaultController.php:47
[17-Nov-2016 21:50:50 UTC] PHP Fatal error:  Call to a member function getRepository() on a non-object in /home/ubuntu/workspace/symfony/src/AppBundle/Services/JwtAuth.php on line 20
[17-Nov-2016 21:50:50 UTC] PHP Stack trace:
[17-Nov-2016 21:50:50 UTC] PHP   1. {main}() /home/ubuntu/workspace/symfony/web/app_dev.php:0
[17-Nov-2016 21:50:50 UTC] PHP   2. Symfony\Component\HttpKernel\Kernel->handle() /home/ubuntu/workspace/symfony/web/app_dev.php:31
[17-Nov-2016 21:50:50 UTC] PHP   3. Symfony\Component\HttpKernel\HttpKernel->handle() /home/ubuntu/workspace/symfony/vendor/symfony/symfony/src/Symfony/Component/HttpKernel/Kernel.php:169
[17-Nov-2016 21:50:50 UTC] PHP   4. Symfony\Component\HttpKernel\HttpKernel->handleRaw() /home/ubuntu/workspace/symfony/vendor/symfony/symfony/src/Symfony/Component/HttpKernel/HttpKernel.php:62
[17-Nov-2016 21:50:50 UTC] PHP   5. call_user_func_array:{/home/ubuntu/workspace/symfony/vendor/symfony/symfony/src/Symfony/Component/HttpKernel/HttpKernel.php:139}() /home/ubuntu/workspace/symfony/vendor/symfony/symfony/src/Symfony/Component/HttpKernel/HttpKernel.php:139
[17-Nov-2016 21:50:50 UTC] PHP   6. AppBundle\Controller\DefaultController->loginAction() /home/ubuntu/workspace/symfony/vendor/symfony/symfony/src/Symfony/Component/HttpKernel/HttpKernel.php:139
[17-Nov-2016 21:50:50 UTC] PHP   7. AppBundle\Services\JwtAuth->signup() /home/ubuntu/workspace/symfony/src/AppBundle/Controller/DefaultController.php:47
[17-Nov-2016 21:54:05 UTC] PHP Fatal error:  Call to a member function getRepository() on a non-object in /home/ubuntu/workspace/symfony/src/AppBundle/Services/JwtAuth.php on line 20
[17-Nov-2016 21:54:05 UTC] PHP Stack trace:
[17-Nov-2016 21:54:05 UTC] PHP   1. {main}() /home/ubuntu/workspace/symfony/web/app_dev.php:0
[17-Nov-2016 21:54:05 UTC] PHP   2. Symfony\Component\HttpKernel\Kernel->handle() /home/ubuntu/workspace/symfony/web/app_dev.php:31
[17-Nov-2016 21:54:05 UTC] PHP   3. Symfony\Component\HttpKernel\HttpKernel->handle() /home/ubuntu/workspace/symfony/vendor/symfony/symfony/src/Symfony/Component/HttpKernel/Kernel.php:169
[17-Nov-2016 21:54:05 UTC] PHP   4. Symfony\Component\HttpKernel\HttpKernel->handleRaw() /home/ubuntu/workspace/symfony/vendor/symfony/symfony/src/Symfony/Component/HttpKernel/HttpKernel.php:62
[17-Nov-2016 21:54:05 UTC] PHP   5. call_user_func_array:{/home/ubuntu/workspace/symfony/vendor/symfony/symfony/src/Symfony/Component/HttpKernel/HttpKernel.php:139}() /home/ubuntu/workspace/symfony/vendor/symfony/symfony/src/Symfony/Component/HttpKernel/HttpKernel.php:139
[17-Nov-2016 21:54:05 UTC] PHP   6. AppBundle\Controller\DefaultController->loginAction() /home/ubuntu/workspace/symfony/vendor/symfony/symfony/src/Symfony/Component/HttpKernel/HttpKernel.php:139
[17-Nov-2016 21:54:05 UTC] PHP   7. AppBundle\Services\JwtAuth->signup() /home/ubuntu/workspace/symfony/src/AppBundle/Controller/DefaultController.php:47
[19-Nov-2016 20:00:51 UTC] PHP Fatal error:  Call to undefined function AppBundle\Services\getPassword() in /home/ubuntu/workspace/symfony/src/AppBundle/Services/JwtAuth.php on line 41
[19-Nov-2016 20:00:51 UTC] PHP Stack trace:
[19-Nov-2016 20:00:51 UTC] PHP   1. {main}() /home/ubuntu/workspace/symfony/web/app_dev.php:0
[19-Nov-2016 20:00:51 UTC] PHP   2. Symfony\Component\HttpKernel\Kernel->handle() /home/ubuntu/workspace/symfony/web/app_dev.php:31
[19-Nov-2016 20:00:51 UTC] PHP   3. Symfony\Component\HttpKernel\HttpKernel->handle() /home/ubuntu/workspace/symfony/vendor/symfony/symfony/src/Symfony/Component/HttpKernel/Kernel.php:169
[19-Nov-2016 20:00:51 UTC] PHP   4. Symfony\Component\HttpKernel\HttpKernel->handleRaw() /home/ubuntu/workspace/symfony/vendor/symfony/symfony/src/Symfony/Component/HttpKernel/HttpKernel.php:62
[19-Nov-2016 20:00:51 UTC] PHP   5. call_user_func_array:{/home/ubuntu/workspace/symfony/vendor/symfony/symfony/src/Symfony/Component/HttpKernel/HttpKernel.php:139}() /home/ubuntu/workspace/symfony/vendor/symfony/symfony/src/Symfony/Component/HttpKernel/HttpKernel.php:139
[19-Nov-2016 20:00:51 UTC] PHP   6. AppBundle\Controller\DefaultController->loginAction() /home/ubuntu/workspace/symfony/vendor/symfony/symfony/src/Symfony/Component/HttpKernel/HttpKernel.php:139
[19-Nov-2016 20:00:51 UTC] PHP   7. AppBundle\Services\JwtAuth->signup() /home/ubuntu/workspace/symfony/src/AppBundle/Controller/DefaultController.php:47
[19-Nov-2016 20:01:28 UTC] PHP Fatal error:  Call to undefined function AppBundle\Services\getImage() in /home/ubuntu/workspace/symfony/src/AppBundle/Services/JwtAuth.php on line 42
[19-Nov-2016 20:01:28 UTC] PHP Stack trace:
[19-Nov-2016 20:01:28 UTC] PHP   1. {main}() /home/ubuntu/workspace/symfony/web/app_dev.php:0
[19-Nov-2016 20:01:28 UTC] PHP   2. Symfony\Component\HttpKernel\Kernel->handle() /home/ubuntu/workspace/symfony/web/app_dev.php:31
[19-Nov-2016 20:01:28 UTC] PHP   3. Symfony\Component\HttpKernel\HttpKernel->handle() /home/ubuntu/workspace/symfony/vendor/symfony/symfony/src/Symfony/Component/HttpKernel/Kernel.php:169
[19-Nov-2016 20:01:28 UTC] PHP   4. Symfony\Component\HttpKernel\HttpKernel->handleRaw() /home/ubuntu/workspace/symfony/vendor/symfony/symfony/src/Symfony/Component/HttpKernel/HttpKernel.php:62
[19-Nov-2016 20:01:28 UTC] PHP   5. call_user_func_array:{/home/ubuntu/workspace/symfony/vendor/symfony/symfony/src/Symfony/Component/HttpKernel/HttpKernel.php:139}() /home/ubuntu/workspace/symfony/vendor/symfony/symfony/src/Symfony/Component/HttpKernel/HttpKernel.php:139
[19-Nov-2016 20:01:28 UTC] PHP   6. AppBundle\Controller\DefaultController->loginAction() /home/ubuntu/workspace/symfony/vendor/symfony/symfony/src/Symfony/Component/HttpKernel/HttpKernel.php:139
[19-Nov-2016 20:01:28 UTC] PHP   7. AppBundle\Services\JwtAuth->signup() /home/ubuntu/workspace/symfony/src/AppBundle/Controller/DefaultController.php:47
[21-Nov-2016 21:25:35 UTC] PHP Parse error:  syntax error, unexpected 'else' (T_ELSE), expecting function (T_FUNCTION) in /home/ubuntu/workspace/symfony/src/AppBundle/Controller/UserController.php on line 78
[21-Nov-2016 21:25:35 UTC] PHP Stack trace:
[21-Nov-2016 21:25:35 UTC] PHP   1. {main}() /home/ubuntu/workspace/symfony/web/app_dev.php:0
[21-Nov-2016 21:25:35 UTC] PHP   2. Symfony\Component\HttpKernel\Kernel->handle() /home/ubuntu/workspace/symfony/web/app_dev.php:31
[21-Nov-2016 21:25:35 UTC] PHP   3. Symfony\Component\HttpKernel\HttpKernel->handle() /home/ubuntu/workspace/symfony/vendor/symfony/symfony/src/Symfony/Component/HttpKernel/Kernel.php:169
[21-Nov-2016 21:25:35 UTC] PHP   4. Symfony\Component\HttpKernel\HttpKernel->handleRaw() /home/ubuntu/workspace/symfony/vendor/symfony/symfony/src/Symfony/Component/HttpKernel/HttpKernel.php:62
[21-Nov-2016 21:25:35 UTC] PHP   5. Symfony\Component\HttpKernel\Controller\TraceableControllerResolver->getController() /home/ubuntu/workspace/symfony/vendor/symfony/symfony/src/Symfony/Component/HttpKernel/HttpKernel.php:127
[21-Nov-2016 21:25:35 UTC] PHP   6. Symfony\Component\HttpKernel\Controller\ControllerResolver->getController() /home/ubuntu/workspace/symfony/vendor/symfony/symfony/src/Symfony/Component/HttpKernel/Controller/TraceableControllerResolver.php:46
[21-Nov-2016 21:25:35 UTC] PHP   7. Symfony\Bundle\FrameworkBundle\Controller\ControllerResolver->createController() /home/ubuntu/workspace/symfony/var/cache/dev/classes.php:2028
[21-Nov-2016 21:25:35 UTC] PHP   8. Symfony\Component\HttpKernel\Controller\ControllerResolver->createController() /home/ubuntu/workspace/symfony/var/cache/dev/classes.php:2430
[21-Nov-2016 21:25:35 UTC] PHP   9. class_exists() /home/ubuntu/workspace/symfony/var/cache/dev/classes.php:2080
[21-Nov-2016 21:25:35 UTC] PHP  10. spl_autoload_call() /home/ubuntu/workspace/symfony/var/cache/dev/classes.php:2080
[21-Nov-2016 21:25:35 UTC] PHP  11. Symfony\Component\Debug\DebugClassLoader->loadClass() /home/ubuntu/workspace/symfony/var/cache/dev/classes.php:2080
[23-Nov-2016 21:36:09 UTC] PHP Parse error:  syntax error, unexpected 'gif' (T_STRING) in /home/ubuntu/workspace/symfony/src/AppBundle/Controller/UserController.php on line 222
[23-Nov-2016 21:36:09 UTC] PHP Stack trace:
[23-Nov-2016 21:36:09 UTC] PHP   1. {main}() /home/ubuntu/workspace/symfony/web/app_dev.php:0
[23-Nov-2016 21:36:09 UTC] PHP   2. Symfony\Component\HttpKernel\Kernel->handle() /home/ubuntu/workspace/symfony/web/app_dev.php:31
[23-Nov-2016 21:36:09 UTC] PHP   3. Symfony\Component\HttpKernel\HttpKernel->handle() /home/ubuntu/workspace/symfony/vendor/symfony/symfony/src/Symfony/Component/HttpKernel/Kernel.php:169
[23-Nov-2016 21:36:09 UTC] PHP   4. Symfony\Component\HttpKernel\HttpKernel->handleRaw() /home/ubuntu/workspace/symfony/vendor/symfony/symfony/src/Symfony/Component/HttpKernel/HttpKernel.php:62
[23-Nov-2016 21:36:09 UTC] PHP   5. Symfony\Component\HttpKernel\Controller\TraceableControllerResolver->getController() /home/ubuntu/workspace/symfony/vendor/symfony/symfony/src/Symfony/Component/HttpKernel/HttpKernel.php:127
[23-Nov-2016 21:36:09 UTC] PHP   6. Symfony\Component\HttpKernel\Controller\ControllerResolver->getController() /home/ubuntu/workspace/symfony/vendor/symfony/symfony/src/Symfony/Component/HttpKernel/Controller/TraceableControllerResolver.php:46
[23-Nov-2016 21:36:09 UTC] PHP   7. Symfony\Bundle\FrameworkBundle\Controller\ControllerResolver->createController() /home/ubuntu/workspace/symfony/var/cache/dev/classes.php:2028
[23-Nov-2016 21:36:09 UTC] PHP   8. Symfony\Component\HttpKernel\Controller\ControllerResolver->createController() /home/ubuntu/workspace/symfony/var/cache/dev/classes.php:2430
[23-Nov-2016 21:36:09 UTC] PHP   9. class_exists() /home/ubuntu/workspace/symfony/var/cache/dev/classes.php:2080
[23-Nov-2016 21:36:09 UTC] PHP  10. spl_autoload_call() /home/ubuntu/workspace/symfony/var/cache/dev/classes.php:2080
[23-Nov-2016 21:36:09 UTC] PHP  11. Symfony\Component\Debug\DebugClassLoader->loadClass() /home/ubuntu/workspace/symfony/var/cache/dev/classes.php:2080
